app/build/intermediates/manifest_merge_blame_file/debug/manifest-merger-blame-debug-report.txt
1<?xml version="1.0" encoding="utf-8"?>
2<manifest xmlns:android="http://schemas.android.com/apk/res/android"
3    package="com.example.sample.providerapp"
4    android:versionCode="1"
5    android:versionName="1.0" >
6
7    <uses-sdk
8        android:minSdkVersion="16"
8-->src\main\AndroidManifest.xml
9        android:targetSdkVersion="26" />
9-->src\main\AndroidManifest.xml
10
11    <uses-permission android:name="android.permission.ACCESS_NETWORK_STATE" />
11-->src\main\AndroidManifest.xml:5:5-79
11-->src\main\AndroidManifest.xml:5:22-76
12    <uses-permission android:name="android.permission.INTERNET" />
12-->src\main\AndroidManifest.xml:6:5-67
12-->src\main\AndroidManifest.xml:6:22-64
13    <uses-permission android:name="android.permission.READ_EXTERNAL_STORAGE" />
13-->src\main\AndroidManifest.xml:7:5-80
13-->src\main\AndroidManifest.xml:7:22-77
14    <uses-permission android:name="android.permission.ACCESS_COARSE_LOCATION" />
14-->src\main\AndroidManifest.xml:8:5-81
14-->src\main\AndroidManifest.xml:8:22-78
15    <uses-permission android:name="android.permission.ACCESS_FINE_LOCATION" />
15-->src\main\AndroidManifest.xml:9:5-79
15-->src\main\AndroidManifest.xml:9:22-76
16    <uses-permission android:name="android.permission.CALL_PHONE" />
16-->src\main\AndroidManifest.xml:10:5-69
16-->src\main\AndroidManifest.xml:10:22-66
17
18    <uses-feature
18-->[com.google.android.gms:play-services-maps:11.8.0] AndroidManifest.xml:26:5-28:35
19        android:glEsVersion="0x00020000"
19-->[com.google.android.gms:play-services-maps:11.8.0] AndroidManifest.xml:27:9-41
20        android:required="true" />
20-->[com.google.android.gms:play-services-maps:11.8.0] AndroidManifest.xml:28:9-32
21
22    <uses-permission android:name="android.permission.WAKE_LOCK" /> <!-- Required by older versions of Google Play services to create IID tokens -->
22-->[com.google.firebase:firebase-analytics:11.8.0] AndroidManifest.xml:25:5-68
22-->[com.google.firebase:firebase-analytics:11.8.0] AndroidManifest.xml:25:22-65
23    <uses-permission android:name="com.google.android.c2dm.permission.RECEIVE" />
23-->[com.google.firebase:firebase-iid:11.8.0] AndroidManifest.xml:26:5-82
23-->[com.google.firebase:firebase-iid:11.8.0] AndroidManifest.xml:26:22-79
24
25    <permission
25-->[com.google.firebase:firebase-iid:11.8.0] AndroidManifest.xml:28:5-30:47
26        android:name="com.example.sample.providerapp.permission.C2D_MESSAGE"
26-->[com.google.firebase:firebase-iid:11.8.0] AndroidManifest.xml:29:9-63
27        android:protectionLevel="signature" />
27-->[com.google.firebase:firebase-iid:11.8.0] AndroidManifest.xml:30:9-44
28
29    <uses-permission android:name="com.example.sample.providerapp.permission.C2D_MESSAGE" />
29-->[com.google.firebase:firebase-iid:11.8.0] AndroidManifest.xml:32:5-79
29-->[com.google.firebase:firebase-iid:11.8.0] AndroidManifest.xml:32:22-76
30
31    <meta-data
31-->[com.android.support:cardview-v7:26.1.0] AndroidManifest.xml:23:9-25:38
32        android:name="android.support.VERSION"
32-->[com.android.support:cardview-v7:26.1.0] AndroidManifest.xml:24:13-51
33        android:value="25.3.1" />
33-->[com.android.support:cardview-v7:26.1.0] AndroidManifest.xml:25:13-35
34
35    <application
35-->src\main\AndroidManifest.xml:12:5-73:19
36        android:allowBackup="true"
36-->src\main\AndroidManifest.xml:13:9-35
37        android:debuggable="true"
38        android:icon="@mipmap/ic_launcher"
38-->src\main\AndroidManifest.xml:14:9-43
39        android:label="@string/app_name"
39-->src\main\AndroidManifest.xml:15:9-41
40        android:roundIcon="@mipmap/ic_launcher_round"
40-->src\main\AndroidManifest.xml:16:9-54
41        android:supportsRtl="true"
41-->src\main\AndroidManifest.xml:17:9-35
42        android:testOnly="true"
43        android:theme="@style/AppTheme" >
43-->src\main\AndroidManifest.xml:18:9-40
44        <meta-data
44-->src\main\AndroidManifest.xml:19:9-21:48
45            android:name="com.facebook.accountkit.ApplicationName"
45-->src\main\AndroidManifest.xml:20:13-67
46            android:value="@string/app_name" />
46-->src\main\AndroidManifest.xml:21:13-45
47        <meta-data
47-->src\main\AndroidManifest.xml:22:9-24:63
48            android:name="com.facebook.sdk.ApplicationId"
48-->src\main\AndroidManifest.xml:23:13-58
49            android:value="@string/facebook_application_id" />
49-->src\main\AndroidManifest.xml:24:13-60
50        <meta-data
50-->src\main\AndroidManifest.xml:25:9-27:64
51            android:name="com.facebook.accountkit.ClientToken"
51-->src\main\AndroidManifest.xml:26:13-63
52            android:value="@string/ACCOUNT_KIT_CLIENT_TOKEN" />
52-->src\main\AndroidManifest.xml:27:13-61
53        <meta-data
53-->src\main\AndroidManifest.xml:28:9-30:71
54            android:name="com.google.android.geo.API_KEY"
54-->src\main\AndroidManifest.xml:29:13-58
55            android:value="AIzaSyBvx3hoZzsRzjbmuuDlCXNELuY6J0WBoyQ" />
55-->src\main\AndroidManifest.xml:30:13-68
56
57        <service android:name="com.example.sample.providerapp.FCM.MyFirebaseInstanceIDService" >
57-->src\main\AndroidManifest.xml:32:9-36:19
57-->src\main\AndroidManifest.xml:32:18-65
58            <intent-filter>
58-->src\main\AndroidManifest.xml:33:13-35:29
59                <action android:name="com.google.firebase.INSTANCE_ID_EVENT" />
59-->src\main\AndroidManifest.xml:34:17-80
59-->src\main\AndroidManifest.xml:34:25-77
60            </intent-filter>
61        </service>
62        <service android:name="com.example.sample.providerapp.FCM.MyFirebaseMessagingService" >
62-->src\main\AndroidManifest.xml:37:9-41:19
62-->src\main\AndroidManifest.xml:37:18-64
63            <intent-filter>
63-->src\main\AndroidManifest.xml:38:13-40:29
64                <action android:name="com.google.firebase.MESSAGING_EVENT" />
64-->src\main\AndroidManifest.xml:39:17-78
64-->src\main\AndroidManifest.xml:39:25-75
65            </intent-filter>
66        </service>
67
68        <activity
68-->src\main\AndroidManifest.xml:43:9-82
69            android:name="com.facebook.accountkit.ui.AccountKitActivity"
69-->src\main\AndroidManifest.xml:43:19-79
70            android:label="@string/com_accountkit_button_log_in"
70-->[com.facebook.android:account-kit-sdk:4.36.0] AndroidManifest.xml:31:13-65
71            android:launchMode="singleTop"
71-->[com.facebook.android:account-kit-sdk:4.36.0] AndroidManifest.xml:32:13-43
72            android:theme="@style/Theme.AccountKit"
72-->[com.facebook.android:account-kit-sdk:4.36.0] AndroidManifest.xml:33:13-52
73            android:windowSoftInputMode="adjustResize" />
73-->[com.facebook.android:account-kit-sdk:4.36.0] AndroidManifest.xml:34:13-55
74        <activity android:name="com.example.sample.providerapp.SplashActivity" >
74-->src\main\AndroidManifest.xml:44:9-50:20
74-->src\main\AndroidManifest.xml:44:19-49
75            <intent-filter>
75-->src\main\AndroidManifest.xml:45:13-49:29
76                <action android:name="android.intent.action.MAIN" />
76-->src\main\AndroidManifest.xml:46:17-69
76-->src\main\AndroidManifest.xml:46:25-66
77
78                <category android:name="android.intent.category.LAUNCHER" />
78-->src\main\AndroidManifest.xml:48:17-77
78-->src\main\AndroidManifest.xml:48:27-74
79            </intent-filter>
80        </activity>
81        <activity android:name="com.example.sample.providerapp.MainActivity" />
81-->src\main\AndroidManifest.xml:51:9-50
81-->src\main\AndroidManifest.xml:51:19-47
82        <activity android:name="com.example.sample.providerapp.FlatActivity" />
82-->src\main\AndroidManifest.xml:52:9-50
82-->src\main\AndroidManifest.xml:52:19-47
83        <activity
83-->src\main\AndroidManifest.xml:53:9-56:47
84            android:name="com.example.sample.providerapp.DashboardActivity"
84-->src\main\AndroidManifest.xml:54:13-46
85            android:label="@string/title_activity_dashboard"
85-->src\main\AndroidManifest.xml:55:13-61
86            android:theme="@style/AppTheme" />
86-->src\main\AndroidManifest.xml:56:13-44
87        <activity
87-->src\main\AndroidManifest.xml:57:9-59:61
88            android:name="com.example.sample.providerapp.EditProfileActivity"
88-->src\main\AndroidManifest.xml:58:13-48
89            android:parentActivityName="com.example.sample.providerapp.ProfileActivity" />
89-->src\main\AndroidManifest.xml:59:13-58
90        <activity
90-->src\main\AndroidManifest.xml:60:9-62:63
91            android:name="com.example.sample.providerapp.ProfileActivity"
91-->src\main\AndroidManifest.xml:61:13-44
92            android:parentActivityName="com.example.sample.providerapp.DashboardActivity" />
92-->src\main\AndroidManifest.xml:62:13-60
93        <activity android:name="com.example.sample.providerapp.RegisterActivity" />
93-->src\main\AndroidManifest.xml:63:9-54
93-->src\main\AndroidManifest.xml:63:19-51
94        <activity android:name="com.example.sample.providerapp.ChangePasswordActivity" />
94-->src\main\AndroidManifest.xml:64:9-60
94-->src\main\AndroidManifest.xml:64:19-57
95        <activity android:name="com.example.sample.providerapp.ForgetPassword" />
95-->src\main\AndroidManifest.xml:65:9-52
95-->src\main\AndroidManifest.xml:65:19-49
96        <activity android:name="com.example.sample.providerapp.SignInActivity" />
96-->src\main\AndroidManifest.xml:66:9-52
96-->src\main\AndroidManifest.xml:66:19-49
97        <activity android:name="com.example.sample.providerapp.RequestActivity" />
97-->src\main\AndroidManifest.xml:67:9-53
97-->src\main\AndroidManifest.xml:67:19-50
98        <activity android:name="com.example.sample.providerapp.SessionActivity" />
98-->src\main\AndroidManifest.xml:68:9-53
98-->src\main\AndroidManifest.xml:68:19-50
99        <activity android:name="com.example.sample.providerapp.JobProgressActivity" />
99-->src\main\AndroidManifest.xml:69:9-57
99-->src\main\AndroidManifest.xml:69:19-54
100        <activity android:name="com.example.sample.providerapp.InvoiceActivity" />
100-->src\main\AndroidManifest.xml:70:9-53
100-->src\main\AndroidManifest.xml:70:19-50
101        <activity android:name="com.example.sample.providerapp.ChatActivity" />
101-->src\main\AndroidManifest.xml:71:9-50
101-->src\main\AndroidManifest.xml:71:19-47
102        <activity android:name="com.example.sample.providerapp.PasswordResetActivity" />
102-->src\main\AndroidManifest.xml:72:9-68
102-->src\main\AndroidManifest.xml:72:19-56
103
104        <meta-data
104-->[com.firebaseui:firebase-ui-auth:2.0.1] AndroidManifest.xml:16:9-18:69
105            android:name="com.google.android.gms.version"
105-->[com.firebaseui:firebase-ui-auth:2.0.1] AndroidManifest.xml:17:13-58
106            android:value="@integer/google_play_services_version" />
106-->[com.firebaseui:firebase-ui-auth:2.0.1] AndroidManifest.xml:18:13-66
107        <meta-data
107-->[com.firebaseui:firebase-ui-auth:2.0.1] AndroidManifest.xml:19:9-21:63
108            android:name="io.fabric.ApiKey"
108-->[com.firebaseui:firebase-ui-auth:2.0.1] AndroidManifest.xml:20:13-44
109            android:value="@string/twitter_consumer_secret" />
109-->[com.firebaseui:firebase-ui-auth:2.0.1] AndroidManifest.xml:21:13-60
110        <meta-data
110-->[com.firebaseui:firebase-ui-auth:2.0.1] AndroidManifest.xml:25:9-27:36
111            android:name="com.facebook.sdk.AutoLogAppEventsEnabled"
111-->[com.firebaseui:firebase-ui-auth:2.0.1] AndroidManifest.xml:26:13-68
112            android:value="true" />
112-->[com.firebaseui:firebase-ui-auth:2.0.1] AndroidManifest.xml:27:13-33
113
114        <activity
114-->[com.firebaseui:firebase-ui-auth:2.0.1] AndroidManifest.xml:29:9-33:61
115            android:name="com.firebase.ui.auth.KickoffActivity"
115-->[com.firebaseui:firebase-ui-auth:2.0.1] AndroidManifest.xml:30:13-64
116            android:exported="false"
116-->[com.firebaseui:firebase-ui-auth:2.0.1] AndroidManifest.xml:31:13-37
117            android:label=""
117-->[com.firebaseui:firebase-ui-auth:2.0.1] AndroidManifest.xml:32:13-29
118            android:theme="@style/FirebaseUI.Transparent" />
118-->[com.firebaseui:firebase-ui-auth:2.0.1] AndroidManifest.xml:33:13-58
119        <activity
119-->[com.firebaseui:firebase-ui-auth:2.0.1] AndroidManifest.xml:34:9-37:71
120            android:name="com.firebase.ui.auth.ui.email.RecoverPasswordActivity"
120-->[com.firebaseui:firebase-ui-auth:2.0.1] AndroidManifest.xml:35:13-81
121            android:exported="false"
121-->[com.firebaseui:firebase-ui-auth:2.0.1] AndroidManifest.xml:36:13-37
122            android:label="@string/title_recover_password_activity" />
122-->[com.firebaseui:firebase-ui-auth:2.0.1] AndroidManifest.xml:37:13-68
123        <activity
123-->[com.firebaseui:firebase-ui-auth:2.0.1] AndroidManifest.xml:38:9-41:55
124            android:name="com.firebase.ui.auth.ui.email.RegisterEmailActivity"
124-->[com.firebaseui:firebase-ui-auth:2.0.1] AndroidManifest.xml:39:13-79
125            android:exported="false"
125-->[com.firebaseui:firebase-ui-auth:2.0.1] AndroidManifest.xml:40:13-37
126            android:label="@string/sign_in_default" />
126-->[com.firebaseui:firebase-ui-auth:2.0.1] AndroidManifest.xml:41:13-52
127        <activity
127-->[com.firebaseui:firebase-ui-auth:2.0.1] AndroidManifest.xml:42:9-46:64
128            android:name="com.firebase.ui.auth.ui.phone.PhoneVerificationActivity"
128-->[com.firebaseui:firebase-ui-auth:2.0.1] AndroidManifest.xml:43:13-83
129            android:exported="false"
129-->[com.firebaseui:firebase-ui-auth:2.0.1] AndroidManifest.xml:44:13-37
130            android:label="@string/sign_in_with_phone_number"
130-->[com.firebaseui:firebase-ui-auth:2.0.1] AndroidManifest.xml:45:13-62
131            android:windowSoftInputMode="stateAlwaysVisible" />
131-->[com.firebaseui:firebase-ui-auth:2.0.1] AndroidManifest.xml:46:13-61
132        <activity
132-->[com.firebaseui:firebase-ui-auth:2.0.1] AndroidManifest.xml:47:9-50:69
133            android:name="com.firebase.ui.auth.ui.accountlink.WelcomeBackIdpPrompt"
133-->[com.firebaseui:firebase-ui-auth:2.0.1] AndroidManifest.xml:48:13-84
134            android:exported="false"
134-->[com.firebaseui:firebase-ui-auth:2.0.1] AndroidManifest.xml:49:13-37
135            android:label="@string/title_welcome_back_idp_prompt" />
135-->[com.firebaseui:firebase-ui-auth:2.0.1] AndroidManifest.xml:50:13-66
136        <activity
136-->[com.firebaseui:firebase-ui-auth:2.0.1] AndroidManifest.xml:51:9-54:74
137            android:name="com.firebase.ui.auth.ui.accountlink.WelcomeBackPasswordPrompt"
137-->[com.firebaseui:firebase-ui-auth:2.0.1] AndroidManifest.xml:52:13-89
138            android:exported="false"
138-->[com.firebaseui:firebase-ui-auth:2.0.1] AndroidManifest.xml:53:13-37
139            android:label="@string/title_welcome_back_password_prompt" />
139-->[com.firebaseui:firebase-ui-auth:2.0.1] AndroidManifest.xml:54:13-71
140        <activity
140-->[com.firebaseui:firebase-ui-auth:2.0.1] AndroidManifest.xml:55:9-58:61
141            android:name="com.firebase.ui.auth.ui.idp.AuthMethodPickerActivity"
141-->[com.firebaseui:firebase-ui-auth:2.0.1] AndroidManifest.xml:56:13-80
142            android:exported="false"
142-->[com.firebaseui:firebase-ui-auth:2.0.1] AndroidManifest.xml:57:13-37
143            android:label="@string/default_toolbar_title" />
143-->[com.firebaseui:firebase-ui-auth:2.0.1] AndroidManifest.xml:58:13-58
144        <activity
144-->[com.firebaseui:firebase-ui-auth:2.0.1] AndroidManifest.xml:59:9-63:48
145            android:name="com.facebook.FacebookActivity"
145-->[com.firebaseui:firebase-ui-auth:2.0.1] AndroidManifest.xml:60:13-57
146            android:configChanges="keyboard|keyboardHidden|screenLayout|screenSize|orientation"
146-->[com.firebaseui:firebase-ui-auth:2.0.1] AndroidManifest.xml:61:13-96
147            android:label="@string/app_name" />
147-->[com.firebaseui:firebase-ui-auth:2.0.1] AndroidManifest.xml:62:13-45
148        <activity
148-->[com.firebaseui:firebase-ui-auth:2.0.1] AndroidManifest.xml:64:9-76:20
149            android:name="com.facebook.CustomTabActivity"
149-->[com.firebaseui:firebase-ui-auth:2.0.1] AndroidManifest.xml:65:13-58
150            android:exported="true" >
150-->[com.firebaseui:firebase-ui-auth:2.0.1] AndroidManifest.xml:66:13-36
151            <intent-filter>
151-->[com.firebaseui:firebase-ui-auth:2.0.1] AndroidManifest.xml:68:13-75:29
152                <action android:name="android.intent.action.VIEW" />
152-->[com.firebaseui:firebase-ui-auth:2.0.1] AndroidManifest.xml:69:17-69
152-->[com.firebaseui:firebase-ui-auth:2.0.1] AndroidManifest.xml:69:25-66
153
154                <category android:name="android.intent.category.DEFAULT" />
154-->[com.firebaseui:firebase-ui-auth:2.0.1] AndroidManifest.xml:71:17-76
154-->[com.firebaseui:firebase-ui-auth:2.0.1] AndroidManifest.xml:71:27-73
155                <category android:name="android.intent.category.BROWSABLE" />
155-->[com.firebaseui:firebase-ui-auth:2.0.1] AndroidManifest.xml:72:17-78
155-->[com.firebaseui:firebase-ui-auth:2.0.1] AndroidManifest.xml:72:27-75
156
157                <data android:scheme="@string/facebook_login_protocol_scheme" />
157-->[com.firebaseui:firebase-ui-auth:2.0.1] AndroidManifest.xml:74:17-81
157-->[com.firebaseui:firebase-ui-auth:2.0.1] AndroidManifest.xml:74:23-78
158            </intent-filter>
159        </activity>
160
161        <meta-data
161-->[com.android.support:cardview-v7:26.1.0] AndroidManifest.xml:23:9-25:38
162            android:name="android.support.VERSION"
162-->[com.android.support:cardview-v7:26.1.0] AndroidManifest.xml:24:13-51
163            android:value="26.1.0" />
163-->[com.android.support:cardview-v7:26.1.0] AndroidManifest.xml:25:13-35
164
165        <activity
165-->[com.facebook.android:account-kit-sdk:4.36.0] AndroidManifest.xml:35:9-38:40
166            android:name="com.facebook.accountkit.ui.AccountKitEmailRedirectActivity"
166-->[com.facebook.android:account-kit-sdk:4.36.0] AndroidManifest.xml:36:13-86
167            android:exported="true"
167-->[com.facebook.android:account-kit-sdk:4.36.0] AndroidManifest.xml:37:13-36
168            android:noHistory="true" />
168-->[com.facebook.android:account-kit-sdk:4.36.0] AndroidManifest.xml:38:13-37
169        <!--
170             The initialization ContentProvider will call AccountKit.initialize automatically
171             with the application context. This config is merged in with the host app's manifest,
172             but there can only be one provider with the same authority activated at any given
173             point; so if the end user has two or more different apps that use AccountKit, only the
174             first one will be able to use the provider. To work around this problem, we use the
175             following placeholder in the authority to identify each host application as if it was
176             a completely different provider.
177        -->
178        <provider
178-->[com.facebook.android:account-kit-sdk:4.36.0] AndroidManifest.xml:49:9-52:40
179            android:name="com.facebook.accountkit.internal.AccountKitInitProvider"
179-->[com.facebook.android:account-kit-sdk:4.36.0] AndroidManifest.xml:50:13-83
180            android:authorities="com.example.sample.providerapp.AccountKitInitialization"
180-->[com.facebook.android:account-kit-sdk:4.36.0] AndroidManifest.xml:51:13-76
181            android:exported="false" />
181-->[com.facebook.android:account-kit-sdk:4.36.0] AndroidManifest.xml:52:13-37
182        <!--
183             FirebaseMessagingService performs security checks at runtime,
184             no need for explicit permissions despite exported="true"
185        -->
186        <service
186-->[com.google.firebase:firebase-messaging:11.8.0] AndroidManifest.xml:28:9-34:19
187            android:name="com.google.firebase.messaging.FirebaseMessagingService"
187-->[com.google.firebase:firebase-messaging:11.8.0] AndroidManifest.xml:29:13-82
188            android:exported="true" >
188-->[com.google.firebase:firebase-messaging:11.8.0] AndroidManifest.xml:30:13-36
189            <intent-filter android:priority="-500" >
189-->src\main\AndroidManifest.xml:38:13-40:29
190                <action android:name="com.google.firebase.MESSAGING_EVENT" />
190-->src\main\AndroidManifest.xml:39:17-78
190-->src\main\AndroidManifest.xml:39:25-75
191            </intent-filter>
192        </service>
193
194        <activity
194-->[com.google.firebase:firebase-auth:11.8.0] AndroidManifest.xml:23:9-29:75
195            android:name="com.google.firebase.auth.internal.FederatedSignInActivity"
195-->[com.google.firebase:firebase-auth:11.8.0] AndroidManifest.xml:24:13-85
196            android:excludeFromRecents="true"
196-->[com.google.firebase:firebase-auth:11.8.0] AndroidManifest.xml:25:13-46
197            android:exported="true"
197-->[com.google.firebase:firebase-auth:11.8.0] AndroidManifest.xml:26:13-36
198            android:launchMode="singleInstance"
198-->[com.google.firebase:firebase-auth:11.8.0] AndroidManifest.xml:27:13-48
199            android:permission="com.google.firebase.auth.api.gms.permission.LAUNCH_FEDERATED_SIGN_IN"
199-->[com.google.firebase:firebase-auth:11.8.0] AndroidManifest.xml:28:13-102
200            android:theme="@android:style/Theme.Translucent.NoTitleBar" />
200-->[com.google.firebase:firebase-auth:11.8.0] AndroidManifest.xml:29:13-72
201        <activity
201-->[com.google.android.gms:play-services-auth:11.8.0] AndroidManifest.xml:23:9-27:75
202            android:name="com.google.android.gms.auth.api.signin.internal.SignInHubActivity"
202-->[com.google.android.gms:play-services-auth:11.8.0] AndroidManifest.xml:24:13-93
203            android:excludeFromRecents="true"
203-->[com.google.android.gms:play-services-auth:11.8.0] AndroidManifest.xml:25:13-46
204            android:exported="false"
204-->[com.google.android.gms:play-services-auth:11.8.0] AndroidManifest.xml:26:13-37
205            android:theme="@android:style/Theme.Translucent.NoTitleBar" />
205-->[com.google.android.gms:play-services-auth:11.8.0] AndroidManifest.xml:27:13-72
206        <!--
207            Service handling Google Sign-In user revocation. For apps that do not integrate with
208            Google Sign-In, this service will never be started.
209        -->
210        <service
210-->[com.google.android.gms:play-services-auth:11.8.0] AndroidManifest.xml:33:9-36:110
211            android:name="com.google.android.gms.auth.api.signin.RevocationBoundService"
211-->[com.google.android.gms:play-services-auth:11.8.0] AndroidManifest.xml:34:13-89
212            android:exported="true"
212-->[com.google.android.gms:play-services-auth:11.8.0] AndroidManifest.xml:35:13-36
213            android:permission="com.google.android.gms.auth.api.signin.permission.REVOCATION_NOTIFICATION" />
213-->[com.google.android.gms:play-services-auth:11.8.0] AndroidManifest.xml:36:13-107
214
215        <activity
215-->[com.google.android.gms:play-services-base:11.8.0] AndroidManifest.xml:23:9-26:75
216            android:name="com.google.android.gms.common.api.GoogleApiActivity"
216-->[com.google.android.gms:play-services-base:11.8.0] AndroidManifest.xml:24:13-79
217            android:exported="false"
217-->[com.google.android.gms:play-services-base:11.8.0] AndroidManifest.xml:25:13-37
218            android:theme="@android:style/Theme.Translucent.NoTitleBar" />
218-->[com.google.android.gms:play-services-base:11.8.0] AndroidManifest.xml:26:13-72
219
220        <receiver
220-->[com.google.firebase:firebase-analytics:11.8.0] AndroidManifest.xml:28:9-32:20
221            android:name="com.google.android.gms.measurement.AppMeasurementReceiver"
221-->[com.google.firebase:firebase-analytics:11.8.0] AndroidManifest.xml:29:13-85
222            android:enabled="true"
222-->[com.google.firebase:firebase-analytics:11.8.0] AndroidManifest.xml:30:13-35
223            android:exported="false" >
223-->[com.google.firebase:firebase-analytics:11.8.0] AndroidManifest.xml:31:13-37
224        </receiver>
225        <receiver
225-->[com.google.firebase:firebase-analytics:11.8.0] AndroidManifest.xml:33:9-41:20
226            android:name="com.google.android.gms.measurement.AppMeasurementInstallReferrerReceiver"
226-->[com.google.firebase:firebase-analytics:11.8.0] AndroidManifest.xml:34:13-100
227            android:enabled="true"
227-->[com.google.firebase:firebase-analytics:11.8.0] AndroidManifest.xml:35:13-35
228            android:exported="true"
228-->[com.google.firebase:firebase-analytics:11.8.0] AndroidManifest.xml:36:13-36
229            android:permission="android.permission.INSTALL_PACKAGES" >
229-->[com.google.firebase:firebase-analytics:11.8.0] AndroidManifest.xml:37:13-69
230            <intent-filter>
230-->[com.google.firebase:firebase-analytics:11.8.0] AndroidManifest.xml:38:13-40:29
231                <action android:name="com.android.vending.INSTALL_REFERRER" />
231-->[com.google.firebase:firebase-analytics:11.8.0] AndroidManifest.xml:39:17-79
231-->[com.google.firebase:firebase-analytics:11.8.0] AndroidManifest.xml:39:25-76
232            </intent-filter>
233        </receiver>
234
235        <service
235-->[com.google.firebase:firebase-analytics:11.8.0] AndroidManifest.xml:43:9-46:40
236            android:name="com.google.android.gms.measurement.AppMeasurementService"
236-->[com.google.firebase:firebase-analytics:11.8.0] AndroidManifest.xml:44:13-84
237            android:enabled="true"
237-->[com.google.firebase:firebase-analytics:11.8.0] AndroidManifest.xml:45:13-35
238            android:exported="false" />
238-->[com.google.firebase:firebase-analytics:11.8.0] AndroidManifest.xml:46:13-37
239        <service
239-->[com.google.firebase:firebase-analytics:11.8.0] AndroidManifest.xml:47:9-51:72
240            android:name="com.google.android.gms.measurement.AppMeasurementJobService"
240-->[com.google.firebase:firebase-analytics:11.8.0] AndroidManifest.xml:48:13-87
241            android:enabled="true"
241-->[com.google.firebase:firebase-analytics:11.8.0] AndroidManifest.xml:49:13-35
242            android:exported="false"
242-->[com.google.firebase:firebase-analytics:11.8.0] AndroidManifest.xml:50:13-37
243            android:permission="android.permission.BIND_JOB_SERVICE" />
243-->[com.google.firebase:firebase-analytics:11.8.0] AndroidManifest.xml:51:13-69
244
245        <receiver
245-->[com.google.firebase:firebase-iid:11.8.0] AndroidManifest.xml:35:9-44:20
246            android:name="com.google.firebase.iid.FirebaseInstanceIdReceiver"
246-->[com.google.firebase:firebase-iid:11.8.0] AndroidManifest.xml:36:13-78
247            android:exported="true"
247-->[com.google.firebase:firebase-iid:11.8.0] AndroidManifest.xml:37:13-36
248            android:permission="com.google.android.c2dm.permission.SEND" >
248-->[com.google.firebase:firebase-iid:11.8.0] AndroidManifest.xml:38:13-73
249            <intent-filter>
249-->[com.google.firebase:firebase-iid:11.8.0] AndroidManifest.xml:39:13-43:29
250                <action android:name="com.google.android.c2dm.intent.RECEIVE" />
250-->[com.google.firebase:firebase-iid:11.8.0] AndroidManifest.xml:40:17-81
250-->[com.google.firebase:firebase-iid:11.8.0] AndroidManifest.xml:40:25-78
251
252                <category android:name="com.example.sample.providerapp" />
252-->[com.google.firebase:firebase-iid:11.8.0] AndroidManifest.xml:42:17-61
252-->[com.google.firebase:firebase-iid:11.8.0] AndroidManifest.xml:42:27-58
253            </intent-filter>
254        </receiver>
255        <!--
256             FirebaseInstanceIdService performs security checks at runtime,
257             no need for explicit permissions despite exported="true"
258        -->
259        <service
259-->[com.google.firebase:firebase-iid:11.8.0] AndroidManifest.xml:50:9-56:19
260            android:name="com.google.firebase.iid.FirebaseInstanceIdService"
260-->[com.google.firebase:firebase-iid:11.8.0] AndroidManifest.xml:51:13-77
261            android:exported="true" >
261-->[com.google.firebase:firebase-iid:11.8.0] AndroidManifest.xml:52:13-36
262            <intent-filter android:priority="-500" >
262-->src\main\AndroidManifest.xml:33:13-35:29
263                <action android:name="com.google.firebase.INSTANCE_ID_EVENT" />
263-->src\main\AndroidManifest.xml:34:17-80
263-->src\main\AndroidManifest.xml:34:25-77
264            </intent-filter>
265        </service>
266
267        <provider
267-->[com.google.firebase:firebase-common:11.8.0] AndroidManifest.xml:8:9-12:39
268            android:name="com.google.firebase.provider.FirebaseInitProvider"
268-->[com.google.firebase:firebase-common:11.8.0] AndroidManifest.xml:9:13-77
269            android:authorities="com.example.sample.providerapp.firebaseinitprovider"
269-->[com.google.firebase:firebase-common:11.8.0] AndroidManifest.xml:10:13-72
270            android:exported="false"
270-->[com.google.firebase:firebase-common:11.8.0] AndroidManifest.xml:11:13-37
271            android:initOrder="100" />
271-->[com.google.firebase:firebase-common:11.8.0] AndroidManifest.xml:12:13-36
272        <provider
272-->[com.squareup.picasso:picasso:2.71828] AndroidManifest.xml:8:9-11:40
273            android:name="com.squareup.picasso.PicassoProvider"
273-->[com.squareup.picasso:picasso:2.71828] AndroidManifest.xml:9:13-64
274            android:authorities="com.example.sample.providerapp.com.squareup.picasso"
274-->[com.squareup.picasso:picasso:2.71828] AndroidManifest.xml:10:13-72
275            android:exported="false" />
275-->[com.squareup.picasso:picasso:2.71828] AndroidManifest.xml:11:13-37
276        <provider
276-->[android.arch.lifecycle:extensions:1.0.0-beta1] AndroidManifest.xml:25:9-29:43
277            android:name="android.arch.lifecycle.LifecycleRuntimeTrojanProvider"
277-->[android.arch.lifecycle:extensions:1.0.0-beta1] AndroidManifest.xml:26:13-81
278            android:authorities="com.example.sample.providerapp.lifecycle-trojan"
278-->[android.arch.lifecycle:extensions:1.0.0-beta1] AndroidManifest.xml:27:13-68